Rasa process starting
Rasa process starting
Rasa process starting
Rasa process starting
Rasa process starting
Rasa process starting
Rasa process starting
Rasa process starting
Added 'nlp_spacy' to component cache. Key 'nlp_spacy-en'.
Rasa Core server is up and running on http://localhost:5005
Failed to run custom action 'action_checkout'. Couldn't connect to the server at 'http://localhost:5055/webhook/'. Is the server running? Error: HTTPConnectionPool(host='localhost', port=5055): Max retries exceeded with url: /webhook/ (Caused by NewConnectionError('<urllib3.connection.HTTPConnection object at 0x7ff2ac3c0358>: Failed to establish a new connection: [Errno 111] Connection refused',))
Encountered an exception while running action 'action_checkout'. Bot will continue, but the actions events are lost. Make sure to fix the exception in your custom code.
Failed to run custom action 'action_checkout'. Couldn't connect to the server at 'http://localhost:5055/webhook/'. Is the server running? Error: HTTPConnectionPool(host='localhost', port=5055): Max retries exceeded with url: /webhook/ (Caused by NewConnectionError('<urllib3.connection.HTTPConnection object at 0x7ff2ac2b4da0>: Failed to establish a new connection: [Errno 111] Connection refused',))
Encountered an exception while running action 'action_checkout'. Bot will continue, but the actions events are lost. Make sure to fix the exception in your custom code.
Rasa process starting
Rasa process starting
Added 'nlp_spacy' to component cache. Key 'nlp_spacy-en'.
Rasa Core server is up and running on http://localhost:5005
Rasa process starting
Added 'nlp_spacy' to component cache. Key 'nlp_spacy-en'.
Rasa Core server is up and running on http://localhost:5005
Rasa process starting
Added 'nlp_spacy' to component cache. Key 'nlp_spacy-en'.
Rasa Core server is up and running on http://localhost:5005
Rasa process starting
Added 'nlp_spacy' to component cache. Key 'nlp_spacy-en'.
Rasa Core server is up and running on http://localhost:5005
Rasa process starting
Added 'nlp_spacy' to component cache. Key 'nlp_spacy-en'.
Rasa Core server is up and running on http://localhost:5005
Rasa process starting
Added 'nlp_spacy' to component cache. Key 'nlp_spacy-en'.
Rasa Core server is up and running on http://localhost:5005
Rasa process starting
Added 'nlp_spacy' to component cache. Key 'nlp_spacy-en'.
Rasa Core server is up and running on http://localhost:5005
Rasa process starting
Added 'nlp_spacy' to component cache. Key 'nlp_spacy-en'.
Rasa Core server is up and running on http://localhost:5005
Rasa process starting
Added 'nlp_spacy' to component cache. Key 'nlp_spacy-en'.
Rasa Core server is up and running on http://localhost:5005
Rasa process starting
Added 'nlp_spacy' to component cache. Key 'nlp_spacy-en'.
Rasa Core server is up and running on http://localhost:5002
Rasa process starting
Added 'nlp_spacy' to component cache. Key 'nlp_spacy-en'.
Rasa Core server is up and running on http://localhost:5002
Encountered an exception while running action 'action_checkout'. Bot will continue, but the actions events are lost. Make sure to fix the exception in your custom code.
Encountered an exception while running action 'action_checkout'. Bot will continue, but the actions events are lost. Make sure to fix the exception in your custom code.
Encountered an exception while running action 'action_checkout'. Bot will continue, but the actions events are lost. Make sure to fix the exception in your custom code.
Encountered an exception while running action 'action_checkout'. Bot will continue, but the actions events are lost. Make sure to fix the exception in your custom code.
Encountered an exception while running action 'action_post_checkout'. Bot will continue, but the actions events are lost. Make sure to fix the exception in your custom code.
Encountered an exception while running action 'action_post_checkout'. Bot will continue, but the actions events are lost. Make sure to fix the exception in your custom code.
Encountered an exception while running action 'action_checkout'. Bot will continue, but the actions events are lost. Make sure to fix the exception in your custom code.
Encountered an exception while running action 'action_checkout'. Bot will continue, but the actions events are lost. Make sure to fix the exception in your custom code.
Encountered an exception while running action 'action_checkout'. Bot will continue, but the actions events are lost. Make sure to fix the exception in your custom code.
Rasa process starting
Added 'nlp_spacy' to component cache. Key 'nlp_spacy-en'.
Rasa Core server is up and running on http://localhost:5002
Encountered an exception while running action 'action_checkout'. Bot will continue, but the actions events are lost. Make sure to fix the exception in your custom code.
Encountered an exception while running action 'action_checkout'. Bot will continue, but the actions events are lost. Make sure to fix the exception in your custom code.
Rasa process starting
Added 'nlp_spacy' to component cache. Key 'nlp_spacy-en'.
Rasa Core server is up and running on http://localhost:5005
Rasa process starting
Added 'nlp_spacy' to component cache. Key 'nlp_spacy-en'.
Rasa Core server is up and running on http://localhost:5002
Failed to run custom action 'action_checkout'. Action server responded with a non 200 status code of 404. Make sure your action server properly runs actions and returns a 200 once the action is executed. Error: 404 Client Error: NOT FOUND for url: http://localhost:5055/webhook/
Encountered an exception while running action 'action_checkout'. Bot will continue, but the actions events are lost. Make sure to fix the exception in your custom code.
Failed to run custom action 'action_checkout'. Action server responded with a non 200 status code of 404. Make sure your action server properly runs actions and returns a 200 once the action is executed. Error: 404 Client Error: NOT FOUND for url: http://localhost:5055/webhook/
Encountered an exception while running action 'action_checkout'. Bot will continue, but the actions events are lost. Make sure to fix the exception in your custom code.
Failed to run custom action 'action_checkout'. Action server responded with a non 200 status code of 404. Make sure your action server properly runs actions and returns a 200 once the action is executed. Error: 404 Client Error: NOT FOUND for url: http://localhost:5055/webhook/
Encountered an exception while running action 'action_checkout'. Bot will continue, but the actions events are lost. Make sure to fix the exception in your custom code.
Failed to run custom action 'action_checkout'. Action server responded with a non 200 status code of 404. Make sure your action server properly runs actions and returns a 200 once the action is executed. Error: 404 Client Error: NOT FOUND for url: http://localhost:5055/webhook/
Encountered an exception while running action 'action_checkout'. Bot will continue, but the actions events are lost. Make sure to fix the exception in your custom code.
Rasa process starting
Added 'nlp_spacy' to component cache. Key 'nlp_spacy-en'.
Rasa Core server is up and running on http://localhost:5055
Rasa process starting
Added 'nlp_spacy' to component cache. Key 'nlp_spacy-en'.
Rasa Core server is up and running on http://localhost:5002
Failed to run custom action 'action_checkout'. Action server responded with a non 200 status code of 404. Make sure your action server properly runs actions and returns a 200 once the action is executed. Error: 404 Client Error: NOT FOUND for url: http://localhost:5055/webhook/
Encountered an exception while running action 'action_checkout'. Bot will continue, but the actions events are lost. Make sure to fix the exception in your custom code.
Rasa process starting
Added 'nlp_spacy' to component cache. Key 'nlp_spacy-en'.
Rasa Core server is up and running on http://localhost:5002
Failed to run custom action 'action_checkout'. Action server responded with a non 200 status code of 404. Make sure your action server properly runs actions and returns a 200 once the action is executed. Error: 404 Client Error: NOT FOUND for url: http://localhost:5055/webhook/
Encountered an exception while running action 'action_checkout'. Bot will continue, but the actions events are lost. Make sure to fix the exception in your custom code.
Failed to run custom action 'action_checkout'. Action server responded with a non 200 status code of 404. Make sure your action server properly runs actions and returns a 200 once the action is executed. Error: 404 Client Error: NOT FOUND for url: http://localhost:5055/webhook/
Encountered an exception while running action 'action_checkout'. Bot will continue, but the actions events are lost. Make sure to fix the exception in your custom code.
Failed to run custom action 'action_post_checkout'. Action server responded with a non 200 status code of 404. Make sure your action server properly runs actions and returns a 200 once the action is executed. Error: 404 Client Error: NOT FOUND for url: http://localhost:5055/webhook/
Encountered an exception while running action 'action_post_checkout'. Bot will continue, but the actions events are lost. Make sure to fix the exception in your custom code.
Failed to run custom action 'action_post_checkout'. Action server responded with a non 200 status code of 404. Make sure your action server properly runs actions and returns a 200 once the action is executed. Error: 404 Client Error: NOT FOUND for url: http://localhost:5055/webhook/
Encountered an exception while running action 'action_post_checkout'. Bot will continue, but the actions events are lost. Make sure to fix the exception in your custom code.
Failed to run custom action 'action_post_checkout'. Action server responded with a non 200 status code of 404. Make sure your action server properly runs actions and returns a 200 once the action is executed. Error: 404 Client Error: NOT FOUND for url: http://localhost:5055/webhook/
Encountered an exception while running action 'action_post_checkout'. Bot will continue, but the actions events are lost. Make sure to fix the exception in your custom code.
Rasa process starting
Added 'nlp_spacy' to component cache. Key 'nlp_spacy-en'.
Rasa Core server is up and running on http://localhost:5002
Failed to run custom action 'action_post_checkout'. Action server responded with a non 200 status code of 404. Make sure your action server properly runs actions and returns a 200 once the action is executed. Error: 404 Client Error: NOT FOUND for url: http://localhost:5055/webhook/
Encountered an exception while running action 'action_post_checkout'. Bot will continue, but the actions events are lost. Make sure to fix the exception in your custom code.
Rasa process starting
Added 'nlp_spacy' to component cache. Key 'nlp_spacy-en'.
Rasa Core server is up and running on http://localhost:5002
Rasa process starting
Added 'nlp_spacy' to component cache. Key 'nlp_spacy-en'.
Rasa Core server is up and running on http://localhost:5002
Rasa process starting
Added 'nlp_spacy' to component cache. Key 'nlp_spacy-en'.
Rasa Core server is up and running on http://localhost:5002
Failed to run custom action 'action_checkout'. Action server responded with a non 200 status code of 404. Make sure your action server properly runs actions and returns a 200 once the action is executed. Error: 404 Client Error: NOT FOUND for url: http://localhost:5055/webhook/
Encountered an exception while running action 'action_checkout'. Bot will continue, but the actions events are lost. Make sure to fix the exception in your custom code.
Failed to run custom action 'action_post_checkout'. Action server responded with a non 200 status code of 404. Make sure your action server properly runs actions and returns a 200 once the action is executed. Error: 404 Client Error: NOT FOUND for url: http://localhost:5055/webhook/
Encountered an exception while running action 'action_post_checkout'. Bot will continue, but the actions events are lost. Make sure to fix the exception in your custom code.
Failed to run custom action 'action_checkout'. Action server responded with a non 200 status code of 404. Make sure your action server properly runs actions and returns a 200 once the action is executed. Error: 404 Client Error: NOT FOUND for url: http://localhost:5055/webhook/
Encountered an exception while running action 'action_checkout'. Bot will continue, but the actions events are lost. Make sure to fix the exception in your custom code.
Failed to run custom action 'action_checkout'. Action server responded with a non 200 status code of 404. Make sure your action server properly runs actions and returns a 200 once the action is executed. Error: 404 Client Error: NOT FOUND for url: http://localhost:5055/webhook/
Encountered an exception while running action 'action_checkout'. Bot will continue, but the actions events are lost. Make sure to fix the exception in your custom code.
Failed to run custom action 'action_checkout'. Action server responded with a non 200 status code of 404. Make sure your action server properly runs actions and returns a 200 once the action is executed. Error: 404 Client Error: NOT FOUND for url: http://localhost:5055/webhook/
Encountered an exception while running action 'action_checkout'. Bot will continue, but the actions events are lost. Make sure to fix the exception in your custom code.
Failed to run custom action 'action_checkout'. Action server responded with a non 200 status code of 404. Make sure your action server properly runs actions and returns a 200 once the action is executed. Error: 404 Client Error: NOT FOUND for url: http://localhost:5055/webhook/
Encountered an exception while running action 'action_checkout'. Bot will continue, but the actions events are lost. Make sure to fix the exception in your custom code.
Failed to run custom action 'action_checkout'. Action server responded with a non 200 status code of 404. Make sure your action server properly runs actions and returns a 200 once the action is executed. Error: 404 Client Error: NOT FOUND for url: http://localhost:5055/webhook/
Encountered an exception while running action 'action_checkout'. Bot will continue, but the actions events are lost. Make sure to fix the exception in your custom code.
Failed to run custom action 'action_checkout'. Action server responded with a non 200 status code of 404. Make sure your action server properly runs actions and returns a 200 once the action is executed. Error: 404 Client Error: NOT FOUND for url: http://localhost:5055/webhook/
Encountered an exception while running action 'action_checkout'. Bot will continue, but the actions events are lost. Make sure to fix the exception in your custom code.
Failed to run custom action 'action_checkout'. Action server responded with a non 200 status code of 404. Make sure your action server properly runs actions and returns a 200 once the action is executed. Error: 404 Client Error: NOT FOUND for url: http://localhost:5055/webhook/
Encountered an exception while running action 'action_checkout'. Bot will continue, but the actions events are lost. Make sure to fix the exception in your custom code.
Failed to run custom action 'action_checkout'. Action server responded with a non 200 status code of 404. Make sure your action server properly runs actions and returns a 200 once the action is executed. Error: 404 Client Error: NOT FOUND for url: http://localhost:5055/webhook/
Encountered an exception while running action 'action_checkout'. Bot will continue, but the actions events are lost. Make sure to fix the exception in your custom code.
Failed to run custom action 'action_checkout'. Action server responded with a non 200 status code of 404. Make sure your action server properly runs actions and returns a 200 once the action is executed. Error: 404 Client Error: NOT FOUND for url: http://localhost:5055/webhook/
Encountered an exception while running action 'action_checkout'. Bot will continue, but the actions events are lost. Make sure to fix the exception in your custom code.
Rasa process starting
Added 'nlp_spacy' to component cache. Key 'nlp_spacy-en'.
Rasa Core server is up and running on http://localhost:5005
Failed to run custom action 'action_post_checkout'. Action server responded with a non 200 status code of 404. Make sure your action server properly runs actions and returns a 200 once the action is executed. Error: 404 Client Error: NOT FOUND for url: http://localhost:5055/webhook/
Encountered an exception while running action 'action_post_checkout'. Bot will continue, but the actions events are lost. Make sure to fix the exception in your custom code.
